0 info it worked if it ends with ok
1 verbose cli [ 'node',
1 verbose cli   '/Users/bukowski/.nvm/versions/node/v0.12.0/bin/npm',
1 verbose cli   'install',
1 verbose cli   'bootstrap-sass' ]
2 info using npm@2.11.1
3 info using node@v0.12.0
4 verbose install initial load of /Users/bukowski/Repos/sunsetApp/package.json
5 warn package.json sunsetapp@0.0.0 No repository field.
6 warn package.json sunsetapp@0.0.0 No README data
7 warn package.json sunsetapp@0.0.0 No license field.
8 verbose installManyTop reading scoped package data from /Users/bukowski/Repos/sunsetApp/node_modules/grunt/package.json
9 verbose installManyTop reading scoped package data from /Users/bukowski/Repos/sunsetApp/node_modules/grunt-autoprefixer/package.json
10 verbose installManyTop reading scoped package data from /Users/bukowski/Repos/sunsetApp/node_modules/grunt-bower-install/package.json
11 verbose installManyTop reading scoped package data from /Users/bukowski/Repos/sunsetApp/node_modules/grunt-bowercopy/package.json
12 verbose installManyTop reading scoped package data from /Users/bukowski/Repos/sunsetApp/node_modules/grunt-concurrent/package.json
13 verbose installManyTop reading scoped package data from /Users/bukowski/Repos/sunsetApp/node_modules/grunt-connect-proxy/package.json
14 verbose installManyTop reading scoped package data from /Users/bukowski/Repos/sunsetApp/node_modules/grunt-contrib-clean/package.json
15 verbose installManyTop reading scoped package data from /Users/bukowski/Repos/sunsetApp/node_modules/grunt-contrib-concat/package.json
16 verbose installManyTop reading scoped package data from /Users/bukowski/Repos/sunsetApp/node_modules/grunt-contrib-connect/package.json
17 verbose installManyTop reading scoped package data from /Users/bukowski/Repos/sunsetApp/node_modules/grunt-contrib-copy/package.json
18 verbose installManyTop reading scoped package data from /Users/bukowski/Repos/sunsetApp/node_modules/grunt-contrib-cssmin/package.json
19 verbose installManyTop reading scoped package data from /Users/bukowski/Repos/sunsetApp/node_modules/grunt-contrib-htmlmin/package.json
20 verbose installManyTop reading scoped package data from /Users/bukowski/Repos/sunsetApp/node_modules/grunt-contrib-imagemin/package.json
21 verbose installManyTop reading scoped package data from /Users/bukowski/Repos/sunsetApp/node_modules/grunt-contrib-jshint/package.json
22 verbose installManyTop reading scoped package data from /Users/bukowski/Repos/sunsetApp/node_modules/grunt-contrib-uglify/package.json
23 verbose installManyTop reading scoped package data from /Users/bukowski/Repos/sunsetApp/node_modules/grunt-contrib-watch/package.json
24 verbose installManyTop reading scoped package data from /Users/bukowski/Repos/sunsetApp/node_modules/grunt-karma/package.json
25 verbose installManyTop reading scoped package data from /Users/bukowski/Repos/sunsetApp/node_modules/grunt-modernizr/package.json
26 verbose installManyTop reading scoped package data from /Users/bukowski/Repos/sunsetApp/node_modules/grunt-ngmin/package.json
27 verbose installManyTop reading scoped package data from /Users/bukowski/Repos/sunsetApp/node_modules/grunt-rev/package.json
28 verbose installManyTop reading scoped package data from /Users/bukowski/Repos/sunsetApp/node_modules/grunt-serve/package.json
29 verbose installManyTop reading scoped package data from /Users/bukowski/Repos/sunsetApp/node_modules/grunt-svgmin/package.json
30 verbose installManyTop reading scoped package data from /Users/bukowski/Repos/sunsetApp/node_modules/grunt-sync/package.json
31 verbose installManyTop reading scoped package data from /Users/bukowski/Repos/sunsetApp/node_modules/grunt-usemin/package.json
32 verbose installManyTop reading scoped package data from /Users/bukowski/Repos/sunsetApp/node_modules/karma/package.json
33 verbose installManyTop reading scoped package data from /Users/bukowski/Repos/sunsetApp/node_modules/karma-chrome-launcher/package.json
34 verbose installManyTop reading scoped package data from /Users/bukowski/Repos/sunsetApp/node_modules/karma-coffee-preprocessor/package.json
35 verbose installManyTop reading scoped package data from /Users/bukowski/Repos/sunsetApp/node_modules/karma-firefox-launcher/package.json
36 verbose installManyTop reading scoped package data from /Users/bukowski/Repos/sunsetApp/node_modules/karma-html2js-preprocessor/package.json
37 verbose installManyTop reading scoped package data from /Users/bukowski/Repos/sunsetApp/node_modules/karma-jasmine/package.json
38 verbose installManyTop reading scoped package data from /Users/bukowski/Repos/sunsetApp/node_modules/karma-junit-reporter/package.json
39 verbose installManyTop reading scoped package data from /Users/bukowski/Repos/sunsetApp/node_modules/karma-ng-scenario/package.json
40 verbose installManyTop reading scoped package data from /Users/bukowski/Repos/sunsetApp/node_modules/karma-phantomjs-launcher/package.json
41 verbose installManyTop reading scoped package data from /Users/bukowski/Repos/sunsetApp/node_modules/karma-requirejs/package.json
42 verbose installManyTop reading scoped package data from /Users/bukowski/Repos/sunsetApp/node_modules/karma-script-launcher/package.json
43 verbose installManyTop reading scoped package data from /Users/bukowski/Repos/sunsetApp/node_modules/load-grunt-tasks/package.json
44 verbose installManyTop reading scoped package data from /Users/bukowski/Repos/sunsetApp/node_modules/lodash/package.json
45 verbose installManyTop reading scoped package data from /Users/bukowski/Repos/sunsetApp/node_modules/requirejs/package.json
46 verbose installManyTop reading scoped package data from /Users/bukowski/Repos/sunsetApp/node_modules/time-grunt/package.json
47 info package.json grunt-contrib-htmlmin@0.1.3 No README data
48 info package.json grunt-contrib-htmlmin@0.1.3 No license field.
49 info package.json grunt-rev@0.1.0 No license field.
50 info package.json karma-phantomjs-launcher@0.1.4 No README data
51 info package.json grunt-bowercopy@0.4.1 No license field.
52 info package.json grunt-concurrent@0.4.3 No license field.
53 info package.json grunt-connect-proxy@0.1.11 No license field.
54 info package.json grunt-bower-install@0.7.0 No license field.
55 info package.json grunt@0.4.5 No license field.
56 info package.json grunt-contrib-cssmin@0.7.0 No license field.
57 info package.json grunt-contrib-connect@0.10.1 No license field.
58 info package.json grunt-contrib-clean@0.5.0 No license field.
59 info package.json grunt-contrib-copy@0.4.1 No license field.
60 info package.json grunt-contrib-jshint@0.7.2 No license field.
61 info package.json grunt-contrib-imagemin@0.4.1 No license field.
62 info package.json grunt-contrib-concat@0.3.0 No license field.
63 info package.json grunt-contrib-uglify@0.2.7 No license field.
64 info package.json grunt-serve@0.1.6 No license field.
65 info package.json grunt-contrib-watch@0.5.3 No license field.
66 info package.json grunt-ngmin@0.0.3 license should be a valid SPDX license expression
67 info package.json grunt-svgmin@0.3.1 No license field.
68 info package.json grunt-sync@0.0.8 No license field.
69 info package.json grunt-modernizr@0.4.1 No license field.
70 info package.json grunt-usemin@2.0.2 license should be a valid SPDX license expression
71 info package.json requirejs@2.1.18 No license field.
72 verbose readDependencies loading dependencies from /Users/bukowski/Repos/sunsetApp/package.json
73 silly cache add args [ 'bootstrap-sass', null ]
74 verbose cache add spec bootstrap-sass
75 silly cache add parsed spec { raw: 'bootstrap-sass',
75 silly cache add   scope: null,
75 silly cache add   name: 'bootstrap-sass',
75 silly cache add   rawSpec: '',
75 silly cache add   spec: '*',
75 silly cache add   type: 'range' }
76 silly addNamed bootstrap-sass@*
77 verbose addNamed "*" is a valid semver range for bootstrap-sass
78 silly addNameRange { name: 'bootstrap-sass', range: '*', hasData: false }
79 silly mapToRegistry name bootstrap-sass
80 silly mapToRegistry using default registry
81 silly mapToRegistry registry https://registry.npmjs.org/
82 silly mapToRegistry uri https://registry.npmjs.org/bootstrap-sass
83 verbose addNameRange registry:https://registry.npmjs.org/bootstrap-sass not in flight; fetching
84 verbose request uri https://registry.npmjs.org/bootstrap-sass
85 verbose request no auth needed
86 info attempt registry request try #1 at 1:46:34 PM
87 verbose request id 4ce64a7470c564cd
88 http request GET https://registry.npmjs.org/bootstrap-sass
89 http 200 https://registry.npmjs.org/bootstrap-sass
90 silly get cb [ 200,
90 silly get   { server: 'CouchDB/1.5.0 (Erlang OTP/R16B03)',
90 silly get     etag: '"1LCGH9VGOCCIHB2UCYB6VT8JH"',
90 silly get     'content-type': 'application/json',
90 silly get     'cache-control': 'max-age=60',
90 silly get     'content-length': '22959',
90 silly get     'accept-ranges': 'bytes',
90 silly get     date: 'Sun, 14 Jun 2015 17:46:35 GMT',
90 silly get     via: '1.1 varnish',
90 silly get     age: '0',
90 silly get     connection: 'keep-alive',
90 silly get     'x-served-by': 'cache-ord1729-ORD',
90 silly get     'x-cache': 'MISS',
90 silly get     'x-cache-hits': '0',
90 silly get     'x-timer': 'S1434303995.044088,VS0,VE147',
90 silly get     vary: 'Accept' } ]
91 verbose get saving bootstrap-sass to /Users/bukowski/.npm/registry.npmjs.org/bootstrap-sass/.cache.json
92 silly addNameRange number 2 { name: 'bootstrap-sass', range: '*', hasData: true }
93 silly addNameRange versions [ 'bootstrap-sass',
93 silly addNameRange   [ '2.3.2',
93 silly addNameRange     '3.1.1',
93 silly addNameRange     '3.2.0',
93 silly addNameRange     '3.3.0',
93 silly addNameRange     '3.3.1',
93 silly addNameRange     '3.3.2',
93 silly addNameRange     '3.3.3',
93 silly addNameRange     '3.3.4' ] ]
94 silly addNamed bootstrap-sass@3.3.4
95 verbose addNamed "3.3.4" is a plain semver version for bootstrap-sass
96 silly mapToRegistry name bootstrap-sass
97 silly mapToRegistry using default registry
98 silly mapToRegistry registry https://registry.npmjs.org/
99 silly mapToRegistry uri https://registry.npmjs.org/bootstrap-sass
100 verbose addRemoteTarball https://registry.npmjs.org/bootstrap-sass/-/bootstrap-sass-3.3.4.tgz not in flight; adding
101 verbose addRemoteTarball [ 'https://registry.npmjs.org/bootstrap-sass/-/bootstrap-sass-3.3.4.tgz',
101 verbose addRemoteTarball   'b62b34cd1a1a93563accc4c4f5d6823172775996' ]
102 info retry fetch attempt 1 at 1:46:35 PM
103 info attempt registry request try #1 at 1:46:35 PM
104 http fetch GET https://registry.npmjs.org/bootstrap-sass/-/bootstrap-sass-3.3.4.tgz
105 http fetch 200 https://registry.npmjs.org/bootstrap-sass/-/bootstrap-sass-3.3.4.tgz
106 silly fetchAndShaCheck shasum b62b34cd1a1a93563accc4c4f5d6823172775996
107 verbose addTmpTarball /var/folders/_f/7wz6sg2j7rvcbv8xyg0jc9740000gn/T/npm-82828-3eaf6ce7/registry.npmjs.org/bootstrap-sass/-/bootstrap-sass-3.3.4.tgz not in flight; adding
108 verbose addTmpTarball already have metadata; skipping unpack for bootstrap-sass@3.3.4
109 silly cache afterAdd bootstrap-sass@3.3.4
110 verbose afterAdd /Users/bukowski/.npm/bootstrap-sass/3.3.4/package/package.json not in flight; writing
111 verbose afterAdd /Users/bukowski/.npm/bootstrap-sass/3.3.4/package/package.json written
112 silly install resolved [ { name: 'bootstrap-sass',
112 silly install resolved     version: '3.3.4',
112 silly install resolved     description: 'bootstrap-sass is a Sass-powered version of Bootstrap, ready to drop right into your Sass powered applications.',
112 silly install resolved     main: 'assets/javascripts/bootstrap.js',
112 silly install resolved     repository: { type: 'git', url: 'git://github.com/twbs/bootstrap-sass' },
112 silly install resolved     keywords: [ 'bootstrap', 'sass', 'css' ],
112 silly install resolved     contributors: [ [Object], [Object], [Object], [Object] ],
112 silly install resolved     license: 'MIT',
112 silly install resolved     bugs: { url: 'https://github.com/twbs/bootstrap-sass/issues' },
112 silly install resolved     devDependencies: { 'node-sass': '~2.0', mincer: '~1.2', ejs: '~1.0' },
112 silly install resolved     gitHead: '1a5c521451d18e72ca57dea2af870ab552f4b42a',
112 silly install resolved     homepage: 'https://github.com/twbs/bootstrap-sass',
112 silly install resolved     _id: 'bootstrap-sass@3.3.4',
112 silly install resolved     scripts: {},
112 silly install resolved     _shasum: 'b62b34cd1a1a93563accc4c4f5d6823172775996',
112 silly install resolved     _from: 'bootstrap-sass@*',
112 silly install resolved     _npmVersion: '2.7.1',
112 silly install resolved     _nodeVersion: '0.10.25',
112 silly install resolved     _npmUser: { name: 'glebm', email: 'glex.spb@gmail.com' },
112 silly install resolved     maintainers: [ [Object], [Object] ],
112 silly install resolved     dist:
112 silly install resolved      { shasum: 'b62b34cd1a1a93563accc4c4f5d6823172775996',
112 silly install resolved        tarball: 'http://registry.npmjs.org/bootstrap-sass/-/bootstrap-sass-3.3.4.tgz' },
112 silly install resolved     directories: {},
112 silly install resolved     _resolved: 'https://registry.npmjs.org/bootstrap-sass/-/bootstrap-sass-3.3.4.tgz' } ]
113 info install bootstrap-sass@3.3.4 into /Users/bukowski/Repos/sunsetApp
114 info installOne bootstrap-sass@3.3.4
115 verbose installOne of bootstrap-sass to /Users/bukowski/Repos/sunsetApp not in flight; installing
116 verbose lock using /Users/bukowski/.npm/_locks/bootstrap-sass-07aeb88b0db885a1.lock for /Users/bukowski/Repos/sunsetApp/node_modules/bootstrap-sass
117 silly install write writing bootstrap-sass 3.3.4 to /Users/bukowski/Repos/sunsetApp/node_modules/bootstrap-sass
118 verbose unbuild node_modules/bootstrap-sass
119 silly gentlyRm /Users/bukowski/Repos/sunsetApp/node_modules/bootstrap-sass is being purged from base /Users/bukowski/Repos/sunsetApp
120 verbose gentlyRm don't care about contents; nuking /Users/bukowski/Repos/sunsetApp/node_modules/bootstrap-sass
121 verbose tar unpack /Users/bukowski/.npm/bootstrap-sass/3.3.4/package.tgz
122 verbose tar unpacking to /Users/bukowski/Repos/sunsetApp/node_modules/bootstrap-sass
123 silly gentlyRm /Users/bukowski/Repos/sunsetApp/node_modules/bootstrap-sass is being purged
124 verbose gentlyRm don't care about contents; nuking /Users/bukowski/Repos/sunsetApp/node_modules/bootstrap-sass
125 silly gunzTarPerm modes [ '755', '644' ]
126 silly gunzTarPerm extractEntry package.json
127 silly gunzTarPerm modified mode [ 'package.json', 416, 420 ]
128 silly gunzTarPerm extractEntry .npmignore
129 silly gunzTarPerm modified mode [ '.npmignore', 416, 420 ]
130 silly gunzTarPerm extractEntry README.md
131 silly gunzTarPerm modified mode [ 'README.md', 416, 420 ]
132 silly gunzTarPerm extractEntry LICENSE
133 silly gunzTarPerm modified mode [ 'LICENSE', 416, 420 ]
134 silly gunzTarPerm extractEntry CHANGELOG.md
135 silly gunzTarPerm modified mode [ 'CHANGELOG.md', 416, 420 ]
136 silly gunzTarPerm extractEntry CONTRIBUTING.md
137 silly gunzTarPerm modified mode [ 'CONTRIBUTING.md', 416, 420 ]
138 silly gunzTarPerm extractEntry Gemfile
139 silly gunzTarPerm modified mode [ 'Gemfile', 416, 420 ]
140 silly gunzTarPerm extractEntry .ruby-version
141 silly gunzTarPerm modified mode [ '.ruby-version', 416, 420 ]
142 silly gunzTarPerm extractEntry Rakefile
143 silly gunzTarPerm modified mode [ 'Rakefile', 416, 420 ]
144 silly gunzTarPerm extractEntry .ruby-gemset
145 silly gunzTarPerm modified mode [ '.ruby-gemset', 416, 420 ]
146 silly gunzTarPerm extractEntry bootstrap-sass.gemspec
147 silly gunzTarPerm modified mode [ 'bootstrap-sass.gemspec', 416, 420 ]
148 silly gunzTarPerm extractEntry bower.json
149 silly gunzTarPerm modified mode [ 'bower.json', 416, 420 ]
150 silly gunzTarPerm extractEntry composer.json
151 silly gunzTarPerm modified mode [ 'composer.json', 416, 420 ]
152 silly gunzTarPerm extractEntry lib/bootstrap-sass/engine.rb
153 silly gunzTarPerm modified mode [ 'lib/bootstrap-sass/engine.rb', 416, 420 ]
154 silly gunzTarPerm extractEntry lib/bootstrap-sass/version.rb
155 silly gunzTarPerm modified mode [ 'lib/bootstrap-sass/version.rb', 416, 420 ]
156 silly gunzTarPerm extractEntry lib/bootstrap-sass.rb
157 silly gunzTarPerm modified mode [ 'lib/bootstrap-sass.rb', 416, 420 ]
158 silly gunzTarPerm extractEntry .travis.yml
159 silly gunzTarPerm modified mode [ '.travis.yml', 416, 420 ]
160 silly gunzTarPerm extractEntry sache.json
161 silly gunzTarPerm modified mode [ 'sache.json', 416, 420 ]
162 silly gunzTarPerm extractEntry tasks/bower.rake
163 silly gunzTarPerm modified mode [ 'tasks/bower.rake', 416, 420 ]
164 silly gunzTarPerm extractEntry tasks/converter/char_string_scanner.rb
165 silly gunzTarPerm modified mode [ 'tasks/converter/char_string_scanner.rb', 416, 420 ]
166 silly gunzTarPerm extractEntry tasks/converter/fonts_conversion.rb
167 silly gunzTarPerm modified mode [ 'tasks/converter/fonts_conversion.rb', 416, 420 ]
168 silly gunzTarPerm extractEntry tasks/converter/js_conversion.rb
169 silly gunzTarPerm modified mode [ 'tasks/converter/js_conversion.rb', 416, 420 ]
170 silly gunzTarPerm extractEntry tasks/converter/less_conversion.rb
171 silly gunzTarPerm modified mode [ 'tasks/converter/less_conversion.rb', 416, 420 ]
172 silly gunzTarPerm extractEntry tasks/converter/logger.rb
173 silly gunzTarPerm modified mode [ 'tasks/converter/logger.rb', 416, 420 ]
174 silly gunzTarPerm extractEntry tasks/converter/network.rb
175 silly gunzTarPerm modified mode [ 'tasks/converter/network.rb', 416, 420 ]
176 silly gunzTarPerm extractEntry tasks/converter.rb
177 silly gunzTarPerm modified mode [ 'tasks/converter.rb', 416, 420 ]
178 silly gunzTarPerm extractEntry templates/project/_bootstrap-variables.sass
179 silly gunzTarPerm modified mode [ 'templates/project/_bootstrap-variables.sass', 416, 420 ]
180 silly gunzTarPerm extractEntry templates/project/manifest.rb
181 silly gunzTarPerm modified mode [ 'templates/project/manifest.rb', 416, 420 ]
182 silly gunzTarPerm extractEntry templates/project/styles.sass
183 silly gunzTarPerm modified mode [ 'templates/project/styles.sass', 416, 420 ]
184 silly gunzTarPerm extractEntry test/node_sass_compile_test.sh
185 silly gunzTarPerm modified mode [ 'test/node_sass_compile_test.sh', 488, 492 ]
186 silly gunzTarPerm extractEntry test/compass_test.rb
187 silly gunzTarPerm modified mode [ 'test/compass_test.rb', 416, 420 ]
188 silly gunzTarPerm extractEntry test/dummy_node_mincer/manifest.js
189 silly gunzTarPerm modified mode [ 'test/dummy_node_mincer/manifest.js', 416, 420 ]
190 silly gunzTarPerm extractEntry test/dummy_node_mincer/apple-touch-icon-144-precomposed.png
191 silly gunzTarPerm modified mode [ 'test/dummy_node_mincer/apple-touch-icon-144-precomposed.png',
191 silly gunzTarPerm   416,
191 silly gunzTarPerm   420 ]
192 silly gunzTarPerm extractEntry test/dummy_node_mincer/application.css.ejs.scss
193 silly gunzTarPerm modified mode [ 'test/dummy_node_mincer/application.css.ejs.scss', 416, 420 ]
194 silly gunzTarPerm extractEntry test/dummy_rails/README.rdoc
195 silly gunzTarPerm modified mode [ 'test/dummy_rails/README.rdoc', 416, 420 ]
196 silly gunzTarPerm extractEntry test/dummy_rails/Rakefile
197 silly gunzTarPerm modified mode [ 'test/dummy_rails/Rakefile', 416, 420 ]
198 silly gunzTarPerm extractEntry test/dummy_rails/app/assets/images/.keep
199 silly gunzTarPerm modified mode [ 'test/dummy_rails/app/assets/images/.keep', 416, 420 ]
200 silly gunzTarPerm extractEntry test/dummy_rails/app/assets/javascripts/application.js
201 silly gunzTarPerm modified mode [ 'test/dummy_rails/app/assets/javascripts/application.js',
201 silly gunzTarPerm   416,
201 silly gunzTarPerm   420 ]
202 silly gunzTarPerm extractEntry test/dummy_rails/app/assets/stylesheets/application.sass
203 silly gunzTarPerm modified mode [ 'test/dummy_rails/app/assets/stylesheets/application.sass',
203 silly gunzTarPerm   416,
203 silly gunzTarPerm   420 ]
204 silly gunzTarPerm extractEntry test/dummy_rails/app/controllers/application_controller.rb
205 silly gunzTarPerm modified mode [ 'test/dummy_rails/app/controllers/application_controller.rb',
205 silly gunzTarPerm   416,
205 silly gunzTarPerm   420 ]
206 silly gunzTarPerm extractEntry test/dummy_rails/app/controllers/pages_controller.rb
207 silly gunzTarPerm modified mode [ 'test/dummy_rails/app/controllers/pages_controller.rb',
207 silly gunzTarPerm   416,
207 silly gunzTarPerm   420 ]
208 silly gunzTarPerm extractEntry test/dummy_rails/app/helpers/application_helper.rb
209 silly gunzTarPerm modified mode [ 'test/dummy_rails/app/helpers/application_helper.rb',
209 silly gunzTarPerm   416,
209 silly gunzTarPerm   420 ]
210 silly gunzTarPerm extractEntry test/dummy_rails/app/views/layouts/application.html.erb
211 silly gunzTarPerm modified mode [ 'test/dummy_rails/app/views/layouts/application.html.erb',
211 silly gunzTarPerm   416,
211 silly gunzTarPerm   420 ]
212 silly gunzTarPerm extractEntry test/dummy_rails/app/views/pages/root.html.slim
213 silly gunzTarPerm modified mode [ 'test/dummy_rails/app/views/pages/root.html.slim', 416, 420 ]
214 silly gunzTarPerm extractEntry test/dummy_rails/config/application.rb
215 silly gunzTarPerm modified mode [ 'test/dummy_rails/config/application.rb', 416, 420 ]
216 silly gunzTarPerm extractEntry test/dummy_rails/config/boot.rb
217 silly gunzTarPerm modified mode [ 'test/dummy_rails/config/boot.rb', 416, 420 ]
218 silly gunzTarPerm extractEntry test/dummy_rails/config/environment.rb
219 silly gunzTarPerm modified mode [ 'test/dummy_rails/config/environment.rb', 416, 420 ]
220 silly gunzTarPerm extractEntry test/dummy_rails/config/environments/development.rb
221 silly gunzTarPerm modified mode [ 'test/dummy_rails/config/environments/development.rb',
221 silly gunzTarPerm   416,
221 silly gunzTarPerm   420 ]
222 silly gunzTarPerm extractEntry test/dummy_rails/config/environments/production.rb
223 silly gunzTarPerm modified mode [ 'test/dummy_rails/config/environments/production.rb',
223 silly gunzTarPerm   416,
223 silly gunzTarPerm   420 ]
224 silly gunzTarPerm extractEntry test/dummy_rails/config/environments/test.rb
225 silly gunzTarPerm modified mode [ 'test/dummy_rails/config/environments/test.rb', 416, 420 ]
226 silly gunzTarPerm extractEntry test/dummy_rails/config/initializers/backtrace_silencers.rb
227 silly gunzTarPerm modified mode [ 'test/dummy_rails/config/initializers/backtrace_silencers.rb',
227 silly gunzTarPerm   416,
227 silly gunzTarPerm   420 ]
228 silly gunzTarPerm extractEntry test/dummy_rails/config/initializers/filter_parameter_logging.rb
229 silly gunzTarPerm modified mode [ 'test/dummy_rails/config/initializers/filter_parameter_logging.rb',
229 silly gunzTarPerm   416,
229 silly gunzTarPerm   420 ]
230 silly gunzTarPerm extractEntry test/dummy_rails/config/initializers/inflections.rb
231 silly gunzTarPerm modified mode [ 'test/dummy_rails/config/initializers/inflections.rb',
231 silly gunzTarPerm   416,
231 silly gunzTarPerm   420 ]
232 silly gunzTarPerm extractEntry test/dummy_rails/config/initializers/mime_types.rb
233 silly gunzTarPerm modified mode [ 'test/dummy_rails/config/initializers/mime_types.rb',
233 silly gunzTarPerm   416,
233 silly gunzTarPerm   420 ]
234 silly gunzTarPerm extractEntry test/dummy_rails/config/initializers/secret_token.rb
235 silly gunzTarPerm modified mode [ 'test/dummy_rails/config/initializers/secret_token.rb',
235 silly gunzTarPerm   416,
235 silly gunzTarPerm   420 ]
236 silly gunzTarPerm extractEntry test/dummy_rails/config/initializers/session_store.rb
237 silly gunzTarPerm modified mode [ 'test/dummy_rails/config/initializers/session_store.rb',
237 silly gunzTarPerm   416,
237 silly gunzTarPerm   420 ]
238 silly gunzTarPerm extractEntry test/dummy_rails/config/initializers/wrap_parameters.rb
239 silly gunzTarPerm modified mode [ 'test/dummy_rails/config/initializers/wrap_parameters.rb',
239 silly gunzTarPerm   416,
239 silly gunzTarPerm   420 ]
240 silly gunzTarPerm extractEntry test/dummy_rails/config/locales/en.yml
241 silly gunzTarPerm modified mode [ 'test/dummy_rails/config/locales/en.yml', 416, 420 ]
242 silly gunzTarPerm extractEntry test/dummy_rails/config/locales/es.yml
243 silly gunzTarPerm modified mode [ 'test/dummy_rails/config/locales/es.yml', 416, 420 ]
244 silly gunzTarPerm extractEntry test/dummy_rails/config/routes.rb
245 silly gunzTarPerm modified mode [ 'test/dummy_rails/config/routes.rb', 416, 420 ]
246 silly gunzTarPerm extractEntry test/dummy_rails/config.ru
247 silly gunzTarPerm modified mode [ 'test/dummy_rails/config.ru', 416, 420 ]
248 silly gunzTarPerm extractEntry test/dummy_rails/log/.keep
249 silly gunzTarPerm modified mode [ 'test/dummy_rails/log/.keep', 416, 420 ]
250 silly gunzTarPerm extractEntry test/dummy_sass_only/Gemfile
251 silly gunzTarPerm modified mode [ 'test/dummy_sass_only/Gemfile', 416, 420 ]
252 silly gunzTarPerm extractEntry test/dummy_sass_only/compile.rb
253 silly gunzTarPerm modified mode [ 'test/dummy_sass_only/compile.rb', 416, 420 ]
254 silly gunzTarPerm extractEntry test/dummy_sass_only/import_all.sass
255 silly gunzTarPerm modified mode [ 'test/dummy_sass_only/import_all.sass', 416, 420 ]
256 silly gunzTarPerm extractEntry test/gemfiles/sass_3_2.gemfile
257 silly gunzTarPerm modified mode [ 'test/gemfiles/sass_3_2.gemfile', 416, 420 ]
258 silly gunzTarPerm extractEntry test/gemfiles/sass_3_3.gemfile
259 silly gunzTarPerm modified mode [ 'test/gemfiles/sass_3_3.gemfile', 416, 420 ]
260 silly gunzTarPerm extractEntry test/gemfiles/sass_3_4.gemfile
261 silly gunzTarPerm modified mode [ 'test/gemfiles/sass_3_4.gemfile', 416, 420 ]
262 silly gunzTarPerm extractEntry test/gemfiles/sass_head.gemfile
263 silly gunzTarPerm modified mode [ 'test/gemfiles/sass_head.gemfile', 416, 420 ]
264 silly gunzTarPerm extractEntry test/node_mincer_test.rb
265 silly gunzTarPerm modified mode [ 'test/node_mincer_test.rb', 416, 420 ]
266 silly gunzTarPerm extractEntry test/compilation_test.rb
267 silly gunzTarPerm modified mode [ 'test/compilation_test.rb', 416, 420 ]
268 silly gunzTarPerm extractEntry test/pages_test.rb
269 silly gunzTarPerm modified mode [ 'test/pages_test.rb', 416, 420 ]
270 silly gunzTarPerm extractEntry test/sass_test.rb
271 silly gunzTarPerm modified mode [ 'test/sass_test.rb', 416, 420 ]
272 silly gunzTarPerm extractEntry test/sprockets_rails_test.rb
273 silly gunzTarPerm modified mode [ 'test/sprockets_rails_test.rb', 416, 420 ]
274 silly gunzTarPerm extractEntry test/support/dummy_rails_integration.rb
275 silly gunzTarPerm modified mode [ 'test/support/dummy_rails_integration.rb', 416, 420 ]
276 silly gunzTarPerm extractEntry test/support/reporting.rb
277 silly gunzTarPerm modified mode [ 'test/support/reporting.rb', 416, 420 ]
278 silly gunzTarPerm extractEntry test/test_helper.rb
279 silly gunzTarPerm modified mode [ 'test/test_helper.rb', 416, 420 ]
280 silly gunzTarPerm extractEntry test/test_helper_rails.rb
281 silly gunzTarPerm modified mode [ 'test/test_helper_rails.rb', 416, 420 ]
282 silly gunzTarPerm extractEntry assets/fonts/bootstrap/glyphicons-halflings-regular.eot
283 silly gunzTarPerm modified mode [ 'assets/fonts/bootstrap/glyphicons-halflings-regular.eot',
283 silly gunzTarPerm   416,
283 silly gunzTarPerm   420 ]
284 silly gunzTarPerm extractEntry assets/fonts/bootstrap/glyphicons-halflings-regular.svg
285 silly gunzTarPerm modified mode [ 'assets/fonts/bootstrap/glyphicons-halflings-regular.svg',
285 silly gunzTarPerm   416,
285 silly gunzTarPerm   420 ]
286 silly gunzTarPerm extractEntry assets/fonts/bootstrap/glyphicons-halflings-regular.ttf
287 silly gunzTarPerm modified mode [ 'assets/fonts/bootstrap/glyphicons-halflings-regular.ttf',
287 silly gunzTarPerm   416,
287 silly gunzTarPerm   420 ]
288 silly gunzTarPerm extractEntry assets/fonts/bootstrap/glyphicons-halflings-regular.woff
289 silly gunzTarPerm modified mode [ 'assets/fonts/bootstrap/glyphicons-halflings-regular.woff',
289 silly gunzTarPerm   416,
289 silly gunzTarPerm   420 ]
290 silly gunzTarPerm extractEntry assets/fonts/bootstrap/glyphicons-halflings-regular.woff2
291 silly gunzTarPerm modified mode [ 'assets/fonts/bootstrap/glyphicons-halflings-regular.woff2',
291 silly gunzTarPerm   416,
291 silly gunzTarPerm   420 ]
292 silly gunzTarPerm extractEntry assets/images/.keep
293 silly gunzTarPerm modified mode [ 'assets/images/.keep', 416, 420 ]
294 silly gunzTarPerm extractEntry assets/javascripts/bootstrap-sprockets.js
295 silly gunzTarPerm modified mode [ 'assets/javascripts/bootstrap-sprockets.js', 416, 420 ]
296 silly gunzTarPerm extractEntry assets/javascripts/bootstrap.js
297 silly gunzTarPerm modified mode [ 'assets/javascripts/bootstrap.js', 416, 420 ]
298 silly gunzTarPerm extractEntry assets/javascripts/bootstrap.min.js
299 silly gunzTarPerm modified mode [ 'assets/javascripts/bootstrap.min.js', 416, 420 ]
300 silly gunzTarPerm extractEntry assets/javascripts/bootstrap/affix.js
301 silly gunzTarPerm modified mode [ 'assets/javascripts/bootstrap/affix.js', 416, 420 ]
302 silly gunzTarPerm extractEntry assets/javascripts/bootstrap/button.js
303 silly gunzTarPerm modified mode [ 'assets/javascripts/bootstrap/button.js', 416, 420 ]
304 silly gunzTarPerm extractEntry assets/javascripts/bootstrap/carousel.js
305 silly gunzTarPerm modified mode [ 'assets/javascripts/bootstrap/carousel.js', 416, 420 ]
306 silly gunzTarPerm extractEntry assets/javascripts/bootstrap/collapse.js
307 silly gunzTarPerm modified mode [ 'assets/javascripts/bootstrap/collapse.js', 416, 420 ]
308 silly gunzTarPerm extractEntry assets/javascripts/bootstrap/dropdown.js
309 silly gunzTarPerm modified mode [ 'assets/javascripts/bootstrap/dropdown.js', 416, 420 ]
310 silly gunzTarPerm extractEntry assets/javascripts/bootstrap/alert.js
311 silly gunzTarPerm modified mode [ 'assets/javascripts/bootstrap/alert.js', 416, 420 ]
312 silly gunzTarPerm extractEntry assets/javascripts/bootstrap/popover.js
313 silly gunzTarPerm modified mode [ 'assets/javascripts/bootstrap/popover.js', 416, 420 ]
314 silly gunzTarPerm extractEntry assets/javascripts/bootstrap/scrollspy.js
315 silly gunzTarPerm modified mode [ 'assets/javascripts/bootstrap/scrollspy.js', 416, 420 ]
316 silly gunzTarPerm extractEntry assets/javascripts/bootstrap/tab.js
317 silly gunzTarPerm modified mode [ 'assets/javascripts/bootstrap/tab.js', 416, 420 ]
318 silly gunzTarPerm extractEntry assets/javascripts/bootstrap/tooltip.js
319 silly gunzTarPerm modified mode [ 'assets/javascripts/bootstrap/tooltip.js', 416, 420 ]
320 silly gunzTarPerm extractEntry assets/javascripts/bootstrap/transition.js
321 silly gunzTarPerm modified mode [ 'assets/javascripts/bootstrap/transition.js', 416, 420 ]
322 silly gunzTarPerm extractEntry assets/javascripts/bootstrap/modal.js
323 silly gunzTarPerm modified mode [ 'assets/javascripts/bootstrap/modal.js', 416, 420 ]
324 silly gunzTarPerm extractEntry assets/stylesheets/_bootstrap-compass.scss
325 silly gunzTarPerm modified mode [ 'assets/stylesheets/_bootstrap-compass.scss', 416, 420 ]
326 silly gunzTarPerm extractEntry assets/stylesheets/_bootstrap-mincer.scss
327 silly gunzTarPerm modified mode [ 'assets/stylesheets/_bootstrap-mincer.scss', 416, 420 ]
328 silly gunzTarPerm extractEntry assets/stylesheets/_bootstrap-sprockets.scss
329 silly gunzTarPerm modified mode [ 'assets/stylesheets/_bootstrap-sprockets.scss', 416, 420 ]
330 silly gunzTarPerm extractEntry assets/stylesheets/_bootstrap.scss
331 silly gunzTarPerm modified mode [ 'assets/stylesheets/_bootstrap.scss', 416, 420 ]
332 silly gunzTarPerm extractEntry assets/stylesheets/bootstrap/_navbar.scss
333 silly gunzTarPerm modified mode [ 'assets/stylesheets/bootstrap/_navbar.scss', 416, 420 ]
334 silly gunzTarPerm extractEntry assets/stylesheets/bootstrap/_alerts.scss
335 silly gunzTarPerm modified mode [ 'assets/stylesheets/bootstrap/_alerts.scss', 416, 420 ]
336 silly gunzTarPerm extractEntry assets/stylesheets/bootstrap/_breadcrumbs.scss
337 silly gunzTarPerm modified mode [ 'assets/stylesheets/bootstrap/_breadcrumbs.scss', 416, 420 ]
338 silly gunzTarPerm extractEntry assets/stylesheets/bootstrap/_button-groups.scss
339 silly gunzTarPerm modified mode [ 'assets/stylesheets/bootstrap/_button-groups.scss', 416, 420 ]
340 silly gunzTarPerm extractEntry assets/stylesheets/bootstrap/_buttons.scss
341 silly gunzTarPerm modified mode [ 'assets/stylesheets/bootstrap/_buttons.scss', 416, 420 ]
342 silly gunzTarPerm extractEntry assets/stylesheets/bootstrap/_carousel.scss
343 silly gunzTarPerm modified mode [ 'assets/stylesheets/bootstrap/_carousel.scss', 416, 420 ]
344 silly gunzTarPerm extractEntry assets/stylesheets/bootstrap/_close.scss
345 silly gunzTarPerm modified mode [ 'assets/stylesheets/bootstrap/_close.scss', 416, 420 ]
346 silly gunzTarPerm extractEntry assets/stylesheets/bootstrap/_code.scss
347 silly gunzTarPerm modified mode [ 'assets/stylesheets/bootstrap/_code.scss', 416, 420 ]
348 silly gunzTarPerm extractEntry assets/stylesheets/bootstrap/_component-animations.scss
349 silly gunzTarPerm modified mode [ 'assets/stylesheets/bootstrap/_component-animations.scss',
349 silly gunzTarPerm   416,
349 silly gunzTarPerm   420 ]
350 silly gunzTarPerm extractEntry assets/stylesheets/bootstrap/_dropdowns.scss
351 silly gunzTarPerm modified mode [ 'assets/stylesheets/bootstrap/_dropdowns.scss', 416, 420 ]
352 silly gunzTarPerm extractEntry assets/stylesheets/bootstrap/_forms.scss
353 silly gunzTarPerm modified mode [ 'assets/stylesheets/bootstrap/_forms.scss', 416, 420 ]
354 silly gunzTarPerm extractEntry assets/stylesheets/bootstrap/_glyphicons.scss
355 silly gunzTarPerm modified mode [ 'assets/stylesheets/bootstrap/_glyphicons.scss', 416, 420 ]
356 silly gunzTarPerm extractEntry assets/stylesheets/bootstrap/_grid.scss
357 silly gunzTarPerm modified mode [ 'assets/stylesheets/bootstrap/_grid.scss', 416, 420 ]
358 silly gunzTarPerm extractEntry assets/stylesheets/bootstrap/_input-groups.scss
359 silly gunzTarPerm modified mode [ 'assets/stylesheets/bootstrap/_input-groups.scss', 416, 420 ]
360 silly gunzTarPerm extractEntry assets/stylesheets/bootstrap/_jumbotron.scss
361 silly gunzTarPerm modified mode [ 'assets/stylesheets/bootstrap/_jumbotron.scss', 416, 420 ]
362 silly gunzTarPerm extractEntry assets/stylesheets/bootstrap/_labels.scss
363 silly gunzTarPerm modified mode [ 'assets/stylesheets/bootstrap/_labels.scss', 416, 420 ]
364 silly gunzTarPerm extractEntry assets/stylesheets/bootstrap/_list-group.scss
365 silly gunzTarPerm modified mode [ 'assets/stylesheets/bootstrap/_list-group.scss', 416, 420 ]
366 silly gunzTarPerm extractEntry assets/stylesheets/bootstrap/_media.scss
367 silly gunzTarPerm modified mode [ 'assets/stylesheets/bootstrap/_media.scss', 416, 420 ]
368 silly gunzTarPerm extractEntry assets/stylesheets/bootstrap/_mixins.scss
369 silly gunzTarPerm modified mode [ 'assets/stylesheets/bootstrap/_mixins.scss', 416, 420 ]
370 silly gunzTarPerm extractEntry assets/stylesheets/bootstrap/_modals.scss
371 silly gunzTarPerm modified mode [ 'assets/stylesheets/bootstrap/_modals.scss', 416, 420 ]
372 silly gunzTarPerm extractEntry assets/stylesheets/bootstrap/_badges.scss
373 silly gunzTarPerm modified mode [ 'assets/stylesheets/bootstrap/_badges.scss', 416, 420 ]
374 silly gunzTarPerm extractEntry assets/stylesheets/bootstrap/_navs.scss
375 silly gunzTarPerm modified mode [ 'assets/stylesheets/bootstrap/_navs.scss', 416, 420 ]
376 silly gunzTarPerm extractEntry assets/stylesheets/bootstrap/_normalize.scss
377 silly gunzTarPerm modified mode [ 'assets/stylesheets/bootstrap/_normalize.scss', 416, 420 ]
378 silly gunzTarPerm extractEntry assets/stylesheets/bootstrap/_pager.scss
379 silly gunzTarPerm modified mode [ 'assets/stylesheets/bootstrap/_pager.scss', 416, 420 ]
380 silly gunzTarPerm extractEntry assets/stylesheets/bootstrap/_pagination.scss
381 silly gunzTarPerm modified mode [ 'assets/stylesheets/bootstrap/_pagination.scss', 416, 420 ]
382 silly gunzTarPerm extractEntry assets/stylesheets/bootstrap/_panels.scss
383 silly gunzTarPerm modified mode [ 'assets/stylesheets/bootstrap/_panels.scss', 416, 420 ]
384 silly gunzTarPerm extractEntry assets/stylesheets/bootstrap/_popovers.scss
385 silly gunzTarPerm modified mode [ 'assets/stylesheets/bootstrap/_popovers.scss', 416, 420 ]
386 silly gunzTarPerm extractEntry assets/stylesheets/bootstrap/_print.scss
387 silly gunzTarPerm modified mode [ 'assets/stylesheets/bootstrap/_print.scss', 416, 420 ]
388 silly gunzTarPerm extractEntry assets/stylesheets/bootstrap/_progress-bars.scss
389 silly gunzTarPerm modified mode [ 'assets/stylesheets/bootstrap/_progress-bars.scss', 416, 420 ]
390 silly gunzTarPerm extractEntry assets/stylesheets/bootstrap/_responsive-embed.scss
391 silly gunzTarPerm modified mode [ 'assets/stylesheets/bootstrap/_responsive-embed.scss',
391 silly gunzTarPerm   416,
391 silly gunzTarPerm   420 ]
392 silly gunzTarPerm extractEntry assets/stylesheets/bootstrap/_responsive-utilities.scss
393 silly gunzTarPerm modified mode [ 'assets/stylesheets/bootstrap/_responsive-utilities.scss',
393 silly gunzTarPerm   416,
393 silly gunzTarPerm   420 ]
394 silly gunzTarPerm extractEntry assets/stylesheets/bootstrap/_scaffolding.scss
395 silly gunzTarPerm modified mode [ 'assets/stylesheets/bootstrap/_scaffolding.scss', 416, 420 ]
396 silly gunzTarPerm extractEntry assets/stylesheets/bootstrap/_tables.scss
397 silly gunzTarPerm modified mode [ 'assets/stylesheets/bootstrap/_tables.scss', 416, 420 ]
398 silly gunzTarPerm extractEntry assets/stylesheets/bootstrap/_theme.scss
399 silly gunzTarPerm modified mode [ 'assets/stylesheets/bootstrap/_theme.scss', 416, 420 ]
400 silly gunzTarPerm extractEntry assets/stylesheets/bootstrap/_thumbnails.scss
401 silly gunzTarPerm modified mode [ 'assets/stylesheets/bootstrap/_thumbnails.scss', 416, 420 ]
402 silly gunzTarPerm extractEntry assets/stylesheets/bootstrap/_tooltip.scss
403 silly gunzTarPerm modified mode [ 'assets/stylesheets/bootstrap/_tooltip.scss', 416, 420 ]
404 silly gunzTarPerm extractEntry assets/stylesheets/bootstrap/_type.scss
405 silly gunzTarPerm modified mode [ 'assets/stylesheets/bootstrap/_type.scss', 416, 420 ]
406 silly gunzTarPerm extractEntry assets/stylesheets/bootstrap/_utilities.scss
407 silly gunzTarPerm modified mode [ 'assets/stylesheets/bootstrap/_utilities.scss', 416, 420 ]
408 silly gunzTarPerm extractEntry assets/stylesheets/bootstrap/_variables.scss
409 silly gunzTarPerm modified mode [ 'assets/stylesheets/bootstrap/_variables.scss', 416, 420 ]
410 silly gunzTarPerm extractEntry assets/stylesheets/bootstrap/_wells.scss
411 silly gunzTarPerm modified mode [ 'assets/stylesheets/bootstrap/_wells.scss', 416, 420 ]
412 silly gunzTarPerm extractEntry assets/stylesheets/bootstrap/mixins/_nav-divider.scss
413 silly gunzTarPerm modified mode [ 'assets/stylesheets/bootstrap/mixins/_nav-divider.scss',
413 silly gunzTarPerm   416,
413 silly gunzTarPerm   420 ]
414 silly gunzTarPerm extractEntry assets/stylesheets/bootstrap/mixins/_alerts.scss
415 silly gunzTarPerm modified mode [ 'assets/stylesheets/bootstrap/mixins/_alerts.scss', 416, 420 ]
416 silly gunzTarPerm extractEntry assets/stylesheets/bootstrap/mixins/_border-radius.scss
417 silly gunzTarPerm modified mode [ 'assets/stylesheets/bootstrap/mixins/_border-radius.scss',
417 silly gunzTarPerm   416,
417 silly gunzTarPerm   420 ]
418 silly gunzTarPerm extractEntry assets/stylesheets/bootstrap/mixins/_buttons.scss
419 silly gunzTarPerm modified mode [ 'assets/stylesheets/bootstrap/mixins/_buttons.scss', 416, 420 ]
420 silly gunzTarPerm extractEntry assets/stylesheets/bootstrap/mixins/_center-block.scss
421 silly gunzTarPerm modified mode [ 'assets/stylesheets/bootstrap/mixins/_center-block.scss',
421 silly gunzTarPerm   416,
421 silly gunzTarPerm   420 ]
422 silly gunzTarPerm extractEntry assets/stylesheets/bootstrap/mixins/_clearfix.scss
423 silly gunzTarPerm modified mode [ 'assets/stylesheets/bootstrap/mixins/_clearfix.scss',
423 silly gunzTarPerm   416,
423 silly gunzTarPerm   420 ]
424 silly gunzTarPerm extractEntry assets/stylesheets/bootstrap/mixins/_forms.scss
425 silly gunzTarPerm modified mode [ 'assets/stylesheets/bootstrap/mixins/_forms.scss', 416, 420 ]
426 silly gunzTarPerm extractEntry assets/stylesheets/bootstrap/mixins/_gradients.scss
427 silly gunzTarPerm modified mode [ 'assets/stylesheets/bootstrap/mixins/_gradients.scss',
427 silly gunzTarPerm   416,
427 silly gunzTarPerm   420 ]
428 silly gunzTarPerm extractEntry assets/stylesheets/bootstrap/mixins/_grid-framework.scss
429 silly gunzTarPerm modified mode [ 'assets/stylesheets/bootstrap/mixins/_grid-framework.scss',
429 silly gunzTarPerm   416,
429 silly gunzTarPerm   420 ]
430 silly gunzTarPerm extractEntry assets/stylesheets/bootstrap/mixins/_grid.scss
431 silly gunzTarPerm modified mode [ 'assets/stylesheets/bootstrap/mixins/_grid.scss', 416, 420 ]
432 silly gunzTarPerm extractEntry assets/stylesheets/bootstrap/mixins/_hide-text.scss
433 silly gunzTarPerm modified mode [ 'assets/stylesheets/bootstrap/mixins/_hide-text.scss',
433 silly gunzTarPerm   416,
433 silly gunzTarPerm   420 ]
434 silly gunzTarPerm extractEntry assets/stylesheets/bootstrap/mixins/_image.scss
435 silly gunzTarPerm modified mode [ 'assets/stylesheets/bootstrap/mixins/_image.scss', 416, 420 ]
436 silly gunzTarPerm extractEntry assets/stylesheets/bootstrap/mixins/_labels.scss
437 silly gunzTarPerm modified mode [ 'assets/stylesheets/bootstrap/mixins/_labels.scss', 416, 420 ]
438 silly gunzTarPerm extractEntry assets/stylesheets/bootstrap/mixins/_list-group.scss
439 silly gunzTarPerm modified mode [ 'assets/stylesheets/bootstrap/mixins/_list-group.scss',
439 silly gunzTarPerm   416,
439 silly gunzTarPerm   420 ]
440 silly gunzTarPerm extractEntry assets/stylesheets/bootstrap/mixins/_background-variant.scss
441 silly gunzTarPerm modified mode [ 'assets/stylesheets/bootstrap/mixins/_background-variant.scss',
441 silly gunzTarPerm   416,
441 silly gunzTarPerm   420 ]
442 silly gunzTarPerm extractEntry assets/stylesheets/bootstrap/mixins/_nav-vertical-align.scss
443 silly gunzTarPerm modified mode [ 'assets/stylesheets/bootstrap/mixins/_nav-vertical-align.scss',
443 silly gunzTarPerm   416,
443 silly gunzTarPerm   420 ]
444 silly gunzTarPerm extractEntry assets/stylesheets/bootstrap/mixins/_opacity.scss
445 silly gunzTarPerm modified mode [ 'assets/stylesheets/bootstrap/mixins/_opacity.scss', 416, 420 ]
446 silly gunzTarPerm extractEntry assets/stylesheets/bootstrap/mixins/_pagination.scss
447 silly gunzTarPerm modified mode [ 'assets/stylesheets/bootstrap/mixins/_pagination.scss',
447 silly gunzTarPerm   416,
447 silly gunzTarPerm   420 ]
448 silly gunzTarPerm extractEntry assets/stylesheets/bootstrap/mixins/_panels.scss
449 silly gunzTarPerm modified mode [ 'assets/stylesheets/bootstrap/mixins/_panels.scss', 416, 420 ]
450 silly gunzTarPerm extractEntry assets/stylesheets/bootstrap/mixins/_progress-bar.scss
451 silly gunzTarPerm modified mode [ 'assets/stylesheets/bootstrap/mixins/_progress-bar.scss',
451 silly gunzTarPerm   416,
451 silly gunzTarPerm   420 ]
452 silly gunzTarPerm extractEntry assets/stylesheets/bootstrap/mixins/_reset-filter.scss
453 silly gunzTarPerm modified mode [ 'assets/stylesheets/bootstrap/mixins/_reset-filter.scss',
453 silly gunzTarPerm   416,
453 silly gunzTarPerm   420 ]
454 silly gunzTarPerm extractEntry assets/stylesheets/bootstrap/mixins/_resize.scss
455 silly gunzTarPerm modified mode [ 'assets/stylesheets/bootstrap/mixins/_resize.scss', 416, 420 ]
456 silly gunzTarPerm extractEntry assets/stylesheets/bootstrap/mixins/_responsive-visibility.scss
457 silly gunzTarPerm modified mode [ 'assets/stylesheets/bootstrap/mixins/_responsive-visibility.scss',
457 silly gunzTarPerm   416,
457 silly gunzTarPerm   420 ]
458 silly gunzTarPerm extractEntry assets/stylesheets/bootstrap/mixins/_size.scss
459 silly gunzTarPerm modified mode [ 'assets/stylesheets/bootstrap/mixins/_size.scss', 416, 420 ]
460 silly gunzTarPerm extractEntry assets/stylesheets/bootstrap/mixins/_tab-focus.scss
461 silly gunzTarPerm modified mode [ 'assets/stylesheets/bootstrap/mixins/_tab-focus.scss',
461 silly gunzTarPerm   416,
461 silly gunzTarPerm   420 ]
462 silly gunzTarPerm extractEntry assets/stylesheets/bootstrap/mixins/_table-row.scss
463 silly gunzTarPerm modified mode [ 'assets/stylesheets/bootstrap/mixins/_table-row.scss',
463 silly gunzTarPerm   416,
463 silly gunzTarPerm   420 ]
464 silly gunzTarPerm extractEntry assets/stylesheets/bootstrap/mixins/_text-emphasis.scss
465 silly gunzTarPerm modified mode [ 'assets/stylesheets/bootstrap/mixins/_text-emphasis.scss',
465 silly gunzTarPerm   416,
465 silly gunzTarPerm   420 ]
466 silly gunzTarPerm extractEntry assets/stylesheets/bootstrap/mixins/_text-overflow.scss
467 silly gunzTarPerm modified mode [ 'assets/stylesheets/bootstrap/mixins/_text-overflow.scss',
467 silly gunzTarPerm   416,
467 silly gunzTarPerm   420 ]
468 silly gunzTarPerm extractEntry assets/stylesheets/bootstrap/mixins/_vendor-prefixes.scss
469 silly gunzTarPerm modified mode [ 'assets/stylesheets/bootstrap/mixins/_vendor-prefixes.scss',
469 silly gunzTarPerm   416,
469 silly gunzTarPerm   420 ]
470 verbose write writing to /Users/bukowski/Repos/sunsetApp/node_modules/bootstrap-sass/package.json
471 info preinstall bootstrap-sass@3.3.4
472 verbose readDependencies loading dependencies from /Users/bukowski/Repos/sunsetApp/node_modules/bootstrap-sass/package.json
473 verbose readDependencies loading dependencies from /Users/bukowski/Repos/sunsetApp/node_modules/bootstrap-sass/package.json
474 silly install resolved []
475 verbose about to build /Users/bukowski/Repos/sunsetApp/node_modules/bootstrap-sass
476 info build /Users/bukowski/Repos/sunsetApp/node_modules/bootstrap-sass
477 info linkStuff bootstrap-sass@3.3.4
478 silly linkStuff bootstrap-sass@3.3.4 has /Users/bukowski/Repos/sunsetApp/node_modules as its parent node_modules
479 verbose linkBins bootstrap-sass@3.3.4
480 verbose linkMans bootstrap-sass@3.3.4
481 verbose rebuildBundles bootstrap-sass@3.3.4
482 info install bootstrap-sass@3.3.4
483 info postinstall bootstrap-sass@3.3.4
484 verbose unlock done using /Users/bukowski/.npm/_locks/bootstrap-sass-07aeb88b0db885a1.lock for /Users/bukowski/Repos/sunsetApp/node_modules/bootstrap-sass
485 verbose validateInstall loading /Users/bukowski/Repos/sunsetApp/package.json for validation
486 verbose stack Error: The package karma does not satisfy its siblings' peerDependencies requirements!
486 verbose stack     at /Users/bukowski/.nvm/versions/node/v0.12.0/lib/node_modules/npm/lib/install.js:125:32
486 verbose stack     at /Users/bukowski/.nvm/versions/node/v0.12.0/lib/node_modules/npm/lib/install.js:267:7
486 verbose stack     at /Users/bukowski/.nvm/versions/node/v0.12.0/lib/node_modules/npm/node_modules/read-installed/read-installed.js:138:5
486 verbose stack     at /Users/bukowski/.nvm/versions/node/v0.12.0/lib/node_modules/npm/node_modules/read-installed/read-installed.js:251:14
486 verbose stack     at cb (/Users/bukowski/.nvm/versions/node/v0.12.0/lib/node_modules/npm/node_modules/slide/lib/async-map.js:47:24)
486 verbose stack     at /Users/bukowski/.nvm/versions/node/v0.12.0/lib/node_modules/npm/node_modules/read-installed/read-installed.js:251:14
486 verbose stack     at cb (/Users/bukowski/.nvm/versions/node/v0.12.0/lib/node_modules/npm/node_modules/slide/lib/async-map.js:47:24)
486 verbose stack     at /Users/bukowski/.nvm/versions/node/v0.12.0/lib/node_modules/npm/node_modules/read-installed/read-installed.js:251:14
486 verbose stack     at cb (/Users/bukowski/.nvm/versions/node/v0.12.0/lib/node_modules/npm/node_modules/slide/lib/async-map.js:47:24)
486 verbose stack     at /Users/bukowski/.nvm/versions/node/v0.12.0/lib/node_modules/npm/node_modules/read-installed/read-installed.js:251:14
487 verbose cwd /Users/bukowski/Repos/sunsetApp
488 error Darwin 14.3.0
489 error argv "node" "/Users/bukowski/.nvm/versions/node/v0.12.0/bin/npm" "install" "bootstrap-sass"
490 error node v0.12.0
491 error npm  v2.11.1
492 error code EPEERINVALID
493 error peerinvalid The package karma does not satisfy its siblings' peerDependencies requirements!
493 error peerinvalid Peer karma-html2js-preprocessor@0.1.0 wants karma@>=0.9
493 error peerinvalid Peer karma-jasmine@0.1.5 wants karma@>=0.9
493 error peerinvalid Peer karma-ng-scenario@0.1.0 wants karma@>=0.9
493 error peerinvalid Peer karma-requirejs@0.2.2 wants karma@>=0.9
493 error peerinvalid Peer karma-script-launcher@0.1.0 wants karma@>=0.9
493 error peerinvalid Peer karma-junit-reporter@0.1.0 wants karma@>=0.9
493 error peerinvalid Peer grunt-karma@0.6.2 wants karma@~0.10.0
493 error peerinvalid Peer karma-coffee-preprocessor@0.1.3 wants karma@>=0.9
493 error peerinvalid Peer karma-phantomjs-launcher@0.1.4 wants karma@>=0.9
494 verbose exit [ 1, true ]
